{"level":"info","ts":"2026-04-23T20:58:26.242-0500","caller":"go-meli/main.go:66","msg":"servidor corriendo","puerto":"8080"}
{"level":"warn","ts":"2026-04-23T20:58:46.423-0500","caller":"middleware/logger.go:43","msg":"client error","method":"GET","path":"/","ip":"::1","status":404,"latency":0}
{"level":"info","ts":"2026-04-23T21:04:19.603-0500","caller":"go-meli/main.go:74","msg":"apagando servidor..."}
{"level":"info","ts":"2026-04-23T21:04:19.610-0500","caller":"go-meli/main.go:86","msg":"servidor apagado correctamente"}
{"level":"info","ts":"2026-04-23T21:04:26.623-0500","caller":"go-meli/main.go:66","msg":"servidor corriendo","puerto":"8080"}
{"level":"info","ts":"2026-04-23T21:05:32.551-0500","caller":"go-meli/main.go:74","msg":"apagando servidor..."}
{"level":"info","ts":"2026-04-23T21:05:32.562-0500","caller":"go-meli/main.go:86","msg":"servidor apagado correctamente"}
{"level":"info","ts":"2026-04-23T21:05:34.404-0500","caller":"go-meli/main.go:66","msg":"servidor corriendo","puerto":"8080"}
{"level":"info","ts":"2026-04-23T21:22:29.258-0500","caller":"go-meli/main.go:74","msg":"apagando servidor..."}
{"level":"info","ts":"2026-04-23T21:22:29.271-0500","caller":"go-meli/main.go:86","msg":"servidor apagado correctamente"}
{"level":"info","ts":"2026-04-23T21:48:49.141-0500","caller":"go-meli/main.go:70","msg":"servidor corriendo","puerto":"8080"}
{"level":"info","ts":"2026-04-23T21:50:11.310-0500","caller":"middleware/logger.go:45","msg":"request","method":"POST","path":"/auth/register","ip":"::1","status":201,"latency":83}
{"level":"info","ts":"2026-04-23T22:16:12.007-0500","caller":"go-meli/main.go:78","msg":"apagando servidor..."}
{"level":"info","ts":"2026-04-23T22:16:12.011-0500","caller":"go-meli/main.go:90","msg":"servidor apagado correctamente"}
{"level":"info","ts":"2026-04-23T23:22:47.713-0500","caller":"go-meli/main.go:70","msg":"servidor corriendo","puerto":"8080"}
{"level":"info","ts":"2026-04-23T23:37:35.115-0500","caller":"go-meli/main.go:78","msg":"apagando servidor..."}
{"level":"info","ts":"2026-04-23T23:37:35.122-0500","caller":"go-meli/main.go:90","msg":"servidor apagado correctamente"}
{"level":"info","ts":"2026-04-23T23:37:38.464-0500","caller":"go-meli/main.go:70","msg":"servidor corriendo","puerto":"8080"}
{"level":"warn","ts":"2026-04-23T23:42:36.824-0500","caller":"middleware/logger.go:43","msg":"client error","method":"POST","path":"/auth/register","ip":"::1","status":409,"latency":2}
{"level":"info","ts":"2026-04-23T23:42:59.845-0500","caller":"middleware/logger.go:45","msg":"request","method":"POST","path":"/auth/login","ip":"::1","status":200,"latency":42}
{"level":"info","ts":"2026-04-24T00:00:45.509-0500","caller":"go-meli/main.go:78","msg":"apagando servidor..."}
