{"level":"fatal","ts":"2026-04-24T15:51:35.967-0500","caller":"go-meli/main.go:41","msg":"error iniciando mongodb","error":"ping a mongodb fallido: server selection error: context deadline exceeded, current topology: { Type: Unknown, Servers: [{ Addr: localhost:27017, Type: Unknown, Last error: dial tcp [::1]:27017: connectex: No connection could be made because the target machine actively refused it. }, ] }"}
{"level":"info","ts":"2026-04-24T15:52:11.079-0500","caller":"go-meli/main.go:70","msg":"servidor corriendo","puerto":"8080"}
{"level":"warn","ts":"2026-04-24T15:58:20.820-0500","caller":"middleware/logger.go:43","msg":"client error","method":"GET","path":"/","ip":"::1","status":404,"latency":0}
{"level":"warn","ts":"2026-04-24T15:58:21.180-0500","caller":"middleware/logger.go:43","msg":"client error","method":"GET","path":"/favicon.ico","ip":"::1","status":404,"latency":0}
{"level":"warn","ts":"2026-04-24T15:59:53.043-0500","caller":"middleware/logger.go:43","msg":"client error","method":"GET","path":"/api/v1/productos","ip":"::1","status":401,"latency":0}
{"level":"info","ts":"2026-04-24T16:07:35.440-0500","caller":"go-meli/main.go:78","msg":"apagando servidor..."}
{"level":"info","ts":"2026-04-24T16:07:35.448-0500","caller":"go-meli/main.go:90","msg":"servidor apagado correctamente"}
{"level":"info","ts":"2026-04-24T16:44:51.954-0500","caller":"go-meli/main.go:83","msg":"servidor corriendo","puerto":"8080"}
{"level":"info","ts":"2026-04-24T16:45:05.500-0500","caller":"middleware/logger.go:45","msg":"request","method":"GET","path":"/swagger/index.html","ip":"::1","status":200,"latency":0}
{"level":"info","ts":"2026-04-24T16:45:05.584-0500","caller":"middleware/logger.go:45","msg":"request","method":"GET","path":"/swagger/swagger-ui.css","ip":"::1","status":200,"latency":1}
{"level":"info","ts":"2026-04-24T16:45:05.584-0500","caller":"middleware/logger.go:45","msg":"request","method":"GET","path":"/swagger/index.css","ip":"::1","status":200,"latency":0}
{"level":"info","ts":"2026-04-24T16:45:05.593-0500","caller":"middleware/logger.go:45","msg":"request","method":"GET","path":"/swagger/swagger-initializer.js","ip":"::1","status":200,"latency":0}
{"level":"info","ts":"2026-04-24T16:45:05.608-0500","caller":"middleware/logger.go:45","msg":"request","method":"GET","path":"/swagger/swagger-ui-standalone-preset.js","ip":"::1","status":200,"latency":15}
{"level":"info","ts":"2026-04-24T16:45:05.624-0500","caller":"middleware/logger.go:45","msg":"request","method":"GET","path":"/swagger/swagger-ui-bundle.js","ip":"::1","status":200,"latency":37}
{"level":"info","ts":"2026-04-24T16:45:06.103-0500","caller":"middleware/logger.go:45","msg":"request","method":"GET","path":"/swagger/doc.json","ip":"::1","status":200,"latency":1}
{"level":"info","ts":"2026-04-24T16:47:21.602-0500","caller":"middleware/logger.go:45","msg":"request","method":"GET","path":"/swagger/index.html","ip":"::1","status":200,"latency":0}
{"level":"info","ts":"2026-04-24T16:47:21.666-0500","caller":"middleware/logger.go:45","msg":"request","method":"GET","path":"/swagger/swagger-ui.css","ip":"::1","status":304,"latency":0}
{"level":"info","ts":"2026-04-24T16:47:21.669-0500","caller":"middleware/logger.go:45","msg":"request","method":"GET","path":"/swagger/index.css","ip":"::1","status":200,"latency":0}
{"level":"info","ts":"2026-04-24T16:47:21.670-0500","caller":"middleware/logger.go:45","msg":"request","method":"GET","path":"/swagger/swagger-ui-bundle.js","ip":"::1","status":304,"latency":0}
{"level":"info","ts":"2026-04-24T16:47:21.675-0500","caller":"middleware/logger.go:45","msg":"request","method":"GET","path":"/swagger/swagger-ui-standalone-preset.js","ip":"::1","status":304,"latency":0}
{"level":"info","ts":"2026-04-24T16:47:21.677-0500","caller":"middleware/logger.go:45","msg":"request","method":"GET","path":"/swagger/swagger-initializer.js","ip":"::1","status":200,"latency":0}
{"level":"info","ts":"2026-04-24T16:47:22.020-0500","caller":"middleware/logger.go:45","msg":"request","method":"GET","path":"/swagger/doc.json","ip":"::1","status":200,"latency":0}
{"level":"info","ts":"2026-04-24T16:47:56.311-0500","caller":"middleware/logger.go:45","msg":"request","method":"POST","path":"/auth/login","ip":"::1","status":200,"latency":69}
{"level":"warn","ts":"2026-04-24T16:48:22.689-0500","caller":"middleware/logger.go:43","msg":"client error","method":"GET","path":"/api/v1/productos","ip":"::1","status":401,"latency":0}
{"level":"warn","ts":"2026-04-24T16:49:28.180-0500","caller":"middleware/logger.go:43","msg":"client error","method":"GET","path":"/api/v1/productos","ip":"::1","status":401,"latency":0}
{"level":"info","ts":"2026-04-24T16:50:10.776-0500","caller":"middleware/logger.go:45","msg":"request","method":"GET","path":"/api/v1/productos","ip":"::1","status":200,"latency":3}
{"level":"info","ts":"2026-04-24T17:15:49.317-0500","caller":"middleware/logger.go:45","msg":"request","method":"POST","path":"/api/v1/productos/many","ip":"::1","status":201,"latency":33}
{"level":"warn","ts":"2026-04-24T17:16:48.469-0500","caller":"middleware/logger.go:43","msg":"client error","method":"GET","path":"/api/v1/productos","ip":"::1","status":401,"latency":0}
{"level":"info","ts":"2026-04-24T17:17:01.349-0500","caller":"middleware/logger.go:45","msg":"request","method":"GET","path":"/api/v1/productos","ip":"::1","status":200,"latency":2}
{"level":"info","ts":"2026-04-24T17:17:19.996-0500","caller":"middleware/logger.go:45","msg":"request","method":"GET","path":"/api/v1/productos/69ebeb951109c68edbd0e8d1","ip":"::1","status":200,"latency":2}
{"level":"info","ts":"2026-04-24T18:41:43.535-0500","caller":"go-meli/main.go:91","msg":"apagando servidor..."}
{"level":"info","ts":"2026-04-24T18:41:43.542-0500","caller":"go-meli/main.go:103","msg":"servidor apagado correctamente"}
{"level":"info","ts":"2026-04-24T18:41:51.605-0500","caller":"go-meli/main.go:83","msg":"servidor corriendo","puerto":"8080"}
{"level":"info","ts":"2026-04-24T18:41:56.338-0500","caller":"go-meli/main.go:91","msg":"apagando servidor..."}
{"level":"info","ts":"2026-04-24T18:41:56.345-0500","caller":"go-meli/main.go:103","msg":"servidor apagado correctamente"}
{"level":"info","ts":"2026-04-24T18:43:30.149-0500","caller":"go-meli/main.go:83","msg":"servidor corriendo","puerto":"8080"}
{"level":"info","ts":"2026-04-24T18:43:36.104-0500","caller":"middleware/logger.go:45","msg":"request","method":"GET","path":"/swagger/index.html","ip":"::1","status":200,"latency":0}
{"level":"info","ts":"2026-04-24T18:43:36.180-0500","caller":"middleware/logger.go:45","msg":"request","method":"GET","path":"/swagger/swagger-ui.css","ip":"::1","status":200,"latency":1}
{"level":"info","ts":"2026-04-24T18:43:36.181-0500","caller":"middleware/logger.go:45","msg":"request","method":"GET","path":"/swagger/index.css","ip":"::1","status":200,"latency":0}
{"level":"info","ts":"2026-04-24T18:43:36.189-0500","caller":"middleware/logger.go:45","msg":"request","method":"GET","path":"/swagger/swagger-initializer.js","ip":"::1","status":200,"latency":0}
{"level":"info","ts":"2026-04-24T18:43:36.205-0500","caller":"middleware/logger.go:45","msg":"request","method":"GET","path":"/swagger/swagger-ui-standalone-preset.js","ip":"::1","status":200,"latency":16}
{"level":"info","ts":"2026-04-24T18:43:36.232-0500","caller":"middleware/logger.go:45","msg":"request","method":"GET","path":"/swagger/swagger-ui-bundle.js","ip":"::1","status":200,"latency":47}
{"level":"info","ts":"2026-04-24T18:43:36.723-0500","caller":"middleware/logger.go:45","msg":"request","method":"GET","path":"/swagger/doc.json","ip":"::1","status":200,"latency":0}
{"level":"info","ts":"2026-04-24T18:43:36.724-0500","caller":"middleware/logger.go:45","msg":"request","method":"GET","path":"/swagger/favicon-32x32.png","ip":"::1","status":200,"latency":0}
{"level":"info","ts":"2026-04-24T18:43:42.903-0500","caller":"middleware/logger.go:45","msg":"request","method":"GET","path":"/api/v1/productos","ip":"::1","status":200,"latency":3}
{"level":"info","ts":"2026-04-24T18:43:57.098-0500","caller":"middleware/logger.go:45","msg":"request","method":"GET","path":"/api/v1/productos/69ebeb951109c68edbd0e8d1","ip":"::1","status":200,"latency":2}
{"level":"warn","ts":"2026-04-24T18:44:04.505-0500","caller":"middleware/logger.go:43","msg":"client error","method":"POST","path":"/api/v1/productos","ip":"::1","status":401,"latency":0}
{"level":"warn","ts":"2026-04-24T18:44:14.951-0500","caller":"middleware/logger.go:43","msg":"client error","method":"POST","path":"/api/v1/productos/many","ip":"::1","status":401,"latency":0}
